<?xml version="1.0" encoding="UTF-8"?>
<!-- Generated by org.testng.reporters.JUnitReportReporter -->
<testsuite skipped="0" hostname="Akash" name="com.cjc.fk.test.Flipkard" tests="2" failures="0" timestamp="2022-06-25T17:03:56 IST" time="6.173" errors="0">
  <testcase name="loginTest" time="1.174" classname="com.cjc.fk.test.Flipkard"/>
  <system-out/>
  <testcase name="searchProductTest" time="4.999" classname="com.cjc.fk.test.Flipkard"/>
  <system-out/>
</testsuite> <!-- com.cjc.fk.test.Flipkard -->
