<?xml version="1.0" encoding="UTF-8"?>
<!-- Generated by org.testng.reporters.JUnitReportReporter -->
<testsuite skipped="0" hostname="Akash" name="com.cjc.fk.test.Flipkard" tests="2" failures="0" timestamp="2022-06-27T14:12:09 IST" time="6.357" errors="0">
  <testcase name="loginTest" time="3.577" classname="com.cjc.fk.test.Flipkard"/>
  <system-out/>
  <testcase name="searchProductTest" time="2.780" classname="com.cjc.fk.test.Flipkard"/>
  <system-out/>
</testsuite> <!-- com.cjc.fk.test.Flipkard -->
